{"level":"info","message":"Server running on port 5000","timestamp":"27-02-2026, 11:16:04 IST"}
{"level":"info","message":"Server running on port 5000","timestamp":"27-02-2026, 11:16:48 IST"}
{"level":"info","message":"GET / 200 2.852 ms","timestamp":"27-02-2026, 11:16:50 IST"}
{"level":"info","message":"GET / 200 2.512 ms\n","timestamp":"27-02-2026, 11:17:45 IST"}
{"level":"info","message":"GET / 200 3.147 ms\n","timestamp":"27/02/2026, 11:22:14"}
{"level":"error","message":"something went wrong","timestamp":"27/02/2026, 11:23:41"}
{"level":"info","message":"Server running on port 5000","timestamp":"27/02/2026, 11:26:40"}
{"level":"info","message":"GET /api/test-error 500 7.505 ms\n","timestamp":"27/02/2026, 11:26:42"}
{"level":"info","message":"Server running on port 5000","timestamp":"27/02/2026, 11:26:56"}
{"level":"info","message":"Server running on port 5000","timestamp":"27/02/2026, 11:26:59"}
{"level":"warn","message":"error","timestamp":"27/02/2026, 17:46:43"}
{"level":"error","message":"error error","method":"GET","timestamp":"27/02/2026, 17:46:43","url":"/api/error"}
{"level":"info","message":"GET /api/error 404 5.933 ms\n","timestamp":"27/02/2026, 17:46:43"}{"level":"info","message":"Server running on port 5000","timestamp":"27/02/2026, 17:49:34"}
{"level":"info","message":"Server running on port 5000","timestamp":"27/02/2026, 17:49:57"}
{"level":"info","message":"Server running on port 5000","timestamp":"27/02/2026, 17:50:55"}
{"level":"info","message":"Server running on port 5000","timestamp":"27/02/2026, 17:53:59"}
{"level":"info","message":"Server running on port 5000","timestamp":"27/02/2026, 17:54:14"}
{"level":"info","message":"Server running on port 5000","timestamp":"27/02/2026, 17:54:30"}
{"level":"info","message":"Server running on port 5000","timestamp":"27/02/2026, 17:54:33"}
{"level":"info","message":"Server running on port 5000","timestamp":"27/02/2026, 17:55:07"}
{"level":"info","message":"api call","timestamp":"27/02/2026, 17:55:14"}
{"level":"info","message":"GET /api 200 3.548 ms\n","timestamp":"27/02/2026, 17:55:14"}
{"level":"warn","message":"error","timestamp":"27/02/2026, 17:55:18"}
{"level":"error","message":"error error","method":"GET","timestamp":"27/02/2026, 17:55:18","url":"/api/error"}
{"level":"info","message":"GET /api/error 404 3.533 ms\n","timestamp":"27/02/2026, 17:55:18"}
{"level":"info","message":"GET / 200 0.441 ms\n","timestamp":"27/02/2026, 17:55:23"}
{"level":"warn","message":"error","timestamp":"27/02/2026, 17:55:41"}
{"level":"error","message":"error error","method":"GET","timestamp":"27/02/2026, 17:55:41","url":"/api/error"}
{"level":"info","message":"GET /api/error 404 8.662 ms\n","timestamp":"27/02/2026, 17:55:41"}{"level":"info","message":"Server running on port 5000","timestamp":"27/02/2026, 17:56:45"}
{"level":"warn","message":"error","timestamp":"27/02/2026, 17:56:49"}
{"level":"error","message":"error error","method":"GET","timestamp":"27/02/2026, 17:56:49","url":"/api/error"}
{"level":"info","message":"GET /api/error 7.051 ms\n","timestamp":"27/02/2026, 17:56:49"}
{"level":"info","message":"api call","timestamp":"27/02/2026, 17:56:58"}
{"level":"info","message":"GET /api 1.640 ms\n","timestamp":"27/02/2026, 17:56:58"}
{"level":"info","message":"api call","timestamp":"27/02/2026, 17:57:16"}
{"level":"info","message":"GET /api 0.981 ms\n","timestamp":"27/02/2026, 17:57:16"}
{"level":"info","message":"api call","timestamp":"27/02/2026, 17:57:21"}
{"level":"info","message":"GET /api 1.237 ms\n","timestamp":"27/02/2026, 17:57:21"}
{"level":"info","message":"Server running on port 5000","timestamp":"27/02/2026, 17:57:47"}
